0.281127421543 0.00855203988731 0.000446205716313
0.709095490943 0.0425966358322 0.000988528094721
1.13706356034 0.103208634378 0.00151825539196
1.56503162974 0.167208736157 0.00190459610252
1.99299969914 0.231138739249 0.00220604584198
2.42096776854 0.273338149185 0.00237482647851
2.84893583794 0.294998643654 0.00245414428102
3.27690390734 0.287030759497 0.00242549351167
3.70487197674 0.259084749373 0.00232005137636
4.13284004614 0.215974056498 0.00214011615938
4.56080811554 0.163189744735 0.00188330972474
4.98877618494 0.118747176796 0.00162286511049
5.41674425434 0.0798891376358 0.00134272230432
5.84471232374 0.0459847390662 0.00102633061146
6.27268039314 0.0254691898283 0.000767227487223
6.70064846254 0.012594397539 0.000541017853721
7.12861653194 0.00511720419487 0.000345411495734
7.55658460133 0.00184593210682 0.000207602574722
7.98455267073 0.000560789500807 0.000114457512491
# SUMMARY STATISTICS FOR SETUP:
# ['10', '100000', '0.1']
# (N) (av) (err)
# 10 3.21229257145 0.0040868095709
