0.493945085413 0.000267077610425 7.4069556837e-05
0.98069498479 0.000883410557558 0.000134690552832
1.46744488417 0.00191063213611 0.000198032164543
1.95419478354 0.00371854211437 0.000276148186734
2.44094468292 0.00708782889204 0.000380938963118
2.9276945823 0.00920390534386 0.000433870680302
3.41444448168 0.0122239367848 0.000499641954725
3.90119438105 0.0175860334249 0.000598503096607
4.38794428043 0.0224756081388 0.000675797033754
4.87469417981 0.0302003144095 0.000781878389679
5.36144407918 0.0383153648801 0.000878916631421
5.84819397856 0.0497175244021 0.000998353606062
6.33494387794 0.0649614926279 0.00113684207738
6.82169377732 0.0842732583047 0.00128854296447
7.30844367669 0.109686720158 0.00146053445094
7.79519357607 0.147180307775 0.00167545319337
8.28194347545 0.202075028934 0.00193473793137
8.76869337482 0.29499749293 0.00227823890374
9.2554432742 0.446677031219 0.00267984958832
# SUMMARY STATISTICS FOR SETUP:
# ['10', '100000', '0.9']
# (N) (av) (err)
# 10 8.38231502429 0.00486072916614
