0.309076936513 0.00470822300986 0.000320009429849
0.767848748187 0.0277697968267 0.000773047055872
1.22662055986 0.0648252557005 0.0011709005005
1.68539237154 0.110011118198 0.00150895553866
2.14416418321 0.159185891856 0.00179344860533
2.60293599489 0.20408838908 0.00200800929434
3.06170780656 0.230899103442 0.00212129316804
3.52047961824 0.246157233566 0.00218166998067
3.97925142991 0.244304460623 0.00217448504988
4.43802324158 0.23126965803 0.0021227928022
4.89679505326 0.191925479638 0.00195324013607
5.35556686493 0.160079582335 0.00179807810905
5.81433867661 0.120125078738 0.00157293681633
6.27311048828 0.08208874007 0.00131222972872
6.73188229996 0.0518558450947 0.00105044735746
7.19065411163 0.0295353804554 0.000796916157001
7.64942592331 0.0145170209471 0.000560649607466
8.10819773498 0.00483900698235 0.000324413807616
8.56696954666 0.00135143438246 0.000171579981832
# SUMMARY STATISTICS FOR SETUP:
# ['10', '100000', '0.3']
# (N) (av) (err)
# 10 3.88456981205 0.00473558830792
