0.426777631829 0.00149303401469 0.000175893270049
0.909017147416 0.00634539456245 0.000362188453578
1.391256663 0.0146192913939 0.000548652832525
1.87349617859 0.0236397052326 0.000696148843247
2.35573569418 0.0385700453796 0.000885969713632
2.83797520976 0.0547653171223 0.00105150569685
3.32021472535 0.0743406519816 0.00121914752097
3.80245424093 0.0919667479884 0.00135000575929
4.28469375652 0.112413019356 0.00148482899505
4.76693327211 0.132548241971 0.00160403648874
5.24917278769 0.153616610845 0.00171742031768
5.73141230328 0.172943106702 0.00181306063596
6.21365181887 0.189884895452 0.00189130564219
6.69589133445 0.198905309291 0.0019310672261
7.17813085004 0.200626445724 0.00193851358589
7.66037036563 0.198801626373 0.00193061724301
8.14260988121 0.17509971139 0.00182329480539
8.6248493968 0.139204685287 0.00164099880255
9.10708891239 0.0775340858464 0.00124406277189
# SUMMARY STATISTICS FOR SETUP:
# ['10', '100000', '0.7']
# (N) (av) (err)
# 10 6.16791099114 0.00587343582095
