0.342703500312 0.0029508577592 0.000250115728034
0.813752975898 0.0143509341383 0.00055009297075
1.28480245148 0.0361533148484 0.000868586555015
1.75585192707 0.0603758235049 0.00111592563934
2.22690140265 0.0902240681771 0.00135425205474
2.69795087824 0.122619815951 0.00156613792939
3.16900035382 0.150005474292 0.00172032213947
3.64004982941 0.178261529525 0.00186188379467
4.11109930499 0.196285113968 0.00194466805121
4.58214878058 0.204394665508 0.00198025279287
5.05319825617 0.206071771717 0.00198749114799
5.52424773175 0.198174512102 0.00195304675824
5.99529720734 0.185224704669 0.00189449858604
6.46634668292 0.157223399746 0.00175800021388
6.93739615851 0.12625000787 0.00158770913113
7.40844563409 0.092538050161 0.00137072753063
7.87949510968 0.0586562589114 0.00110037791404
8.35054458526 0.0302303701375 0.000795382876933
8.82159406085 0.0109542633363 0.000480991184815
# SUMMARY STATISTICS FOR SETUP:
# ['10', '100000', '0.5']
# (N) (av) (err)
# 10 4.81357286472 0.00545257682952
